[INFO ] 2022-05-20 07:40:54.208 [main] Log - Method Fixit Tests on Android
[INFO ] 2022-05-20 07:41:00.135 [main] Log - loginToAppTest test is starting.
[INFO ] 2022-05-20 07:41:00.682 [main] Log - Waiting for element Please Sign In layout visibility
[INFO ] 2022-05-20 07:41:02.933 [main] Log - Field: userid value: vn53f48
[INFO ] 2022-05-20 07:41:04.085 [main] Log - Field: password value: M900624$a03
[INFO ] 2022-05-20 07:41:05.125 [main] Log - Field: store/club# value: 88
[INFO ] 2022-05-20 07:41:06.716 [main] Log - Waiting for element Sign in button visibility
[INFO ] 2022-05-20 07:41:07.931 [main] Log - Click Sign in button
[INFO ] 2022-05-20 07:41:07.933 [main] Log - Waiting for element Fixit Title visibility
[INFO ] 2022-05-20 07:41:09.267 [main] Log - Waiting for element Submitted Issues label visibility
[ERROR] 2022-05-20 07:41:59.460 [main] Log - Expected condition failed: waiting for visibility of Proxy element for: DefaultElementLocator 'By.xpath: //android.widget.TextView[@text='Submitted Issues']' (tried for 50 second(s) with 500 milliseconds interval)
[INFO ] 2022-05-20 07:41:59.460 [main] Log - Waiting for element Work Orders label visibility
[ERROR] 2022-05-20 07:42:50.196 [main] Log - Expected condition failed: waiting for visibility of Proxy element for: DefaultElementLocator 'By.xpath: //android.widget.TextView[@text='Work Orders']' (tried for 50 second(s) with 500 milliseconds interval)
[INFO ] 2022-05-20 07:42:50.197 [main] Log - Waiting for element Link View All Work Orders visibility
[ERROR] 2022-05-20 07:43:40.356 [main] Log - Expected condition failed: waiting for visibility of Proxy element for: DefaultElementLocator 'By.xpath: (//android.widget.TextView[contains(@text,'View All')])[1]' (tried for 50 second(s) with 500 milliseconds interval)
[INFO ] 2022-05-20 07:43:40.460 [main] Log - loginToAppTest test failed
[INFO ] 2022-05-20 07:43:40.867 [main] Log - viewAllWorkOrders test is starting.
[INFO ] 2022-05-20 07:43:40.869 [main] Log - Waiting for element Fixit Title visibility
[INFO ] 2022-05-20 07:43:40.915 [main] Log - Waiting for element View all Work Orders link visibility
[ERROR] 2022-05-20 07:44:31.505 [main] Log - Expected condition failed: waiting for visibility of Proxy element for: DefaultElementLocator 'By.xpath: (//android.widget.TextView[contains(@text,'View All')])[1]' (tried for 50 second(s) with 500 milliseconds interval)
[INFO ] 2022-05-20 07:44:31.558 [main] Log - viewAllWorkOrders test failed
[INFO ] 2022-05-20 07:44:31.958 [main] Log - logoutTest test is starting.
[INFO ] 2022-05-20 07:44:31.959 [main] Log - Waiting for element Fixit Title visibility
[INFO ] 2022-05-20 07:44:32.012 [main] Log - Waiting for element Settings visibility
[ERROR] 2022-05-20 07:45:22.306 [main] Log - Expected condition failed: waiting for visibility of Proxy element for: DefaultElementLocator 'By.xpath: (//android.view.ViewGroup[3]/android.view.ViewGroup[3])[2]' (tried for 50 second(s) with 500 milliseconds interval)
[INFO ] 2022-05-20 07:45:22.360 [main] Log - logoutTest test failed
[INFO ] 2022-05-20 07:45:23.806 [main] Log - Method Fixit Tests on Android
[INFO ] 2022-05-20 07:46:41.530 [main] Log - Method Command line test
[INFO ] 2022-05-20 07:46:47.026 [main] Log - loginToAppTest test is starting.
[INFO ] 2022-05-20 07:46:47.433 [main] Log - Waiting for element Please Sign In layout visibility
[INFO ] 2022-05-20 07:46:49.480 [main] Log - Field: userid value: vn53f48
[INFO ] 2022-05-20 07:46:50.705 [main] Log - Field: password value: M900624$a03
[INFO ] 2022-05-20 07:46:51.786 [main] Log - Field: store/club# value: 88
[INFO ] 2022-05-20 07:46:53.334 [main] Log - Waiting for element Sign in button visibility
[INFO ] 2022-05-20 07:46:54.544 [main] Log - Click Sign in button
[INFO ] 2022-05-20 07:46:54.547 [main] Log - Waiting for element Fixit Title visibility
[INFO ] 2022-05-20 07:46:55.574 [main] Log - Waiting for element Submitted Issues label visibility
[ERROR] 2022-05-20 07:47:45.758 [main] Log - Expected condition failed: waiting for visibility of Proxy element for: DefaultElementLocator 'By.xpath: //android.widget.TextView[@text='Submitted Issues']' (tried for 50 second(s) with 500 milliseconds interval)
[INFO ] 2022-05-20 07:47:45.758 [main] Log - Waiting for element Work Orders label visibility
[ERROR] 2022-05-20 07:48:35.871 [main] Log - Expected condition failed: waiting for visibility of Proxy element for: DefaultElementLocator 'By.xpath: //android.widget.TextView[@text='Work Orders']' (tried for 50 second(s) with 500 milliseconds interval)
[INFO ] 2022-05-20 07:48:35.872 [main] Log - Waiting for element Link View All Work Orders visibility
[INFO ] 2022-05-20 07:50:12.824 [main] Log - Method Fixit Tests on Android
[INFO ] 2022-05-20 07:50:18.790 [main] Log - viewAllWorkOrders test is starting.
[INFO ] 2022-05-20 07:50:19.085 [main] Log - Waiting for element Fixit Title visibility
[INFO ] 2022-05-20 07:50:20.866 [main] Log - Waiting for element View all Work Orders link visibility
[INFO ] 2022-05-20 07:50:29.110 [main] Log - Click View all Work Orders link
[INFO ] 2022-05-20 07:50:29.115 [main] Log - Waiting for element Work Orders Title visibility
[INFO ] 2022-05-20 07:50:30.852 [main] Log - viewAllWorkOrders test succeed
[INFO ] 2022-05-20 07:50:31.211 [main] Log - loginToAppTest test is starting.
[INFO ] 2022-05-20 07:50:31.213 [main] Log - Waiting for element Please Sign In layout visibility
[INFO ] 2022-05-20 07:51:36.086 [main] Log - Method Fixit Tests on Android
[INFO ] 2022-05-20 07:51:42.026 [main] Log - viewAllWorkOrders test is starting.
[INFO ] 2022-05-20 07:51:42.287 [main] Log - Waiting for element Fixit Title visibility
[INFO ] 2022-05-20 07:51:43.914 [main] Log - Waiting for element View all Work Orders link visibility
[INFO ] 2022-05-20 07:51:53.529 [main] Log - Click View all Work Orders link
[INFO ] 2022-05-20 07:51:53.537 [main] Log - Waiting for element Work Orders Title visibility
[INFO ] 2022-05-20 07:51:55.267 [main] Log - viewAllWorkOrders test failed
[INFO ] 2022-05-20 07:51:55.569 [main] Log - logoutTest test is starting.
[INFO ] 2022-05-20 07:51:55.570 [main] Log - Waiting for element Fixit Title visibility
[INFO ] 2022-05-20 07:52:03.849 [main] Log - Waiting for element Settings visibility
[INFO ] 2022-05-20 07:52:03.990 [main] Log - Click Settings
[INFO ] 2022-05-20 07:52:03.991 [main] Log - Waiting for element Log Out visibility
[INFO ] 2022-05-20 07:52:04.825 [main] Log - Click Log Out
[INFO ] 2022-05-20 07:52:04.825 [main] Log - logoutTest test succeed
[INFO ] 2022-05-20 07:52:05.108 [main] Log - loginToAppTest test is starting.
[INFO ] 2022-05-20 07:52:05.111 [main] Log - Waiting for element Please Sign In layout visibility
[INFO ] 2022-05-20 07:52:07.099 [main] Log - Field: userid value: vn53f48
[INFO ] 2022-05-20 07:52:08.216 [main] Log - Field: password value: M900624$a03
[INFO ] 2022-05-20 07:52:09.815 [main] Log - Field: store/club# value: 88
[INFO ] 2022-05-20 07:52:10.932 [main] Log - Waiting for element Sign in button visibility
[INFO ] 2022-05-20 07:52:12.116 [main] Log - Click Sign in button
[INFO ] 2022-05-20 07:52:12.117 [main] Log - Waiting for element Fixit Title visibility
[INFO ] 2022-05-20 07:52:13.301 [main] Log - Waiting for element Submitted Issues label visibility
[INFO ] 2022-05-20 07:52:18.366 [main] Log - Waiting for element Work Orders label visibility
[INFO ] 2022-05-20 07:52:18.448 [main] Log - Waiting for element Link View All Work Orders visibility
[INFO ] 2022-05-20 07:52:18.558 [main] Log - Submitted Issues label is displayed
[INFO ] 2022-05-20 07:52:18.611 [main] Log - Work Orders label is displayed
[INFO ] 2022-05-20 07:52:18.698 [main] Log - Link View All Work Orders is displayed
[INFO ] 2022-05-20 07:52:18.700 [main] Log - loginToAppTest test succeed
[INFO ] 2022-05-20 07:52:19.165 [main] Log - Method Fixit Tests on Android
[INFO ] 2022-05-20 07:57:46.392 [main] Log - Method Fixit Tests on Android
[INFO ] 2022-05-20 07:57:52.677 [main] Log - viewAllWorkOrders test is starting.
[INFO ] 2022-05-20 07:57:53.029 [main] Log - Waiting for element Fixit Title visibility
[INFO ] 2022-05-20 07:57:54.860 [main] Log - Waiting for element View all Work Orders link visibility
[INFO ] 2022-05-20 07:58:03.744 [main] Log - Click View all Work Orders link
[INFO ] 2022-05-20 07:58:03.750 [main] Log - Waiting for element Work Orders Title visibility
[INFO ] 2022-05-20 07:58:05.393 [main] Log - Click X and go back
[INFO ] 2022-05-20 07:58:05.395 [main] Log - viewAllWorkOrders test succeed
[INFO ] 2022-05-20 07:58:05.722 [main] Log - logoutTest test is starting.
[INFO ] 2022-05-20 07:58:05.723 [main] Log - Waiting for element Fixit Title visibility
[INFO ] 2022-05-20 07:58:06.068 [main] Log - Waiting for element Settings visibility
[INFO ] 2022-05-20 07:58:06.294 [main] Log - Click Settings
[INFO ] 2022-05-20 07:58:06.296 [main] Log - Waiting for element Log Out visibility
[INFO ] 2022-05-20 07:58:07.095 [main] Log - Click Log Out
[INFO ] 2022-05-20 07:58:07.095 [main] Log - logoutTest test succeed
[INFO ] 2022-05-20 07:58:07.363 [main] Log - loginToAppTest test is starting.
[INFO ] 2022-05-20 07:58:07.366 [main] Log - Waiting for element Please Sign In layout visibility
[INFO ] 2022-05-20 07:58:09.116 [main] Log - Field: userid value: vn53f48
[INFO ] 2022-05-20 07:58:10.238 [main] Log - Field: password value: M900624$a03
[INFO ] 2022-05-20 07:58:11.823 [main] Log - Field: store/club# value: 88
[INFO ] 2022-05-20 07:58:13.383 [main] Log - Waiting for element Sign in button visibility
[INFO ] 2022-05-20 07:58:14.588 [main] Log - Click Sign in button
[INFO ] 2022-05-20 07:58:14.588 [main] Log - Waiting for element Fixit Title visibility
[INFO ] 2022-05-20 07:58:15.768 [main] Log - Waiting for element Submitted Issues label visibility
[INFO ] 2022-05-20 07:58:21.123 [main] Log - Waiting for element Work Orders label visibility
[INFO ] 2022-05-20 07:58:21.222 [main] Log - Waiting for element Link View All Work Orders visibility
[INFO ] 2022-05-20 07:58:21.424 [main] Log - Submitted Issues label is displayed
[INFO ] 2022-05-20 07:58:21.521 [main] Log - Work Orders label is displayed
[INFO ] 2022-05-20 07:58:21.584 [main] Log - Link View All Work Orders is displayed
[INFO ] 2022-05-20 07:58:21.587 [main] Log - loginToAppTest test succeed
[INFO ] 2022-05-20 07:58:22.072 [main] Log - Method Fixit Tests on Android
[INFO ] 2022-05-20 08:01:10.560 [main] Log - Method Fixit Tests on Android
[INFO ] 2022-05-20 08:01:15.624 [main] Log - viewAllWorkOrders test is starting.
[INFO ] 2022-05-20 08:01:15.906 [main] Log - Waiting for element Fixit Title visibility
[INFO ] 2022-05-20 08:01:17.590 [main] Log - Waiting for element View all Work Orders link visibility
[INFO ] 2022-05-20 08:01:26.979 [main] Log - Click View all Work Orders link
[INFO ] 2022-05-20 08:01:26.985 [main] Log - Waiting for element Work Orders Title visibility
[INFO ] 2022-05-20 08:01:29.567 [main] Log - Click X and go back
[INFO ] 2022-05-20 08:01:29.570 [main] Log - viewAllWorkOrders test succeed
[INFO ] 2022-05-20 08:01:29.935 [main] Log - logoutTest test is starting.
[INFO ] 2022-05-20 08:01:29.935 [main] Log - Waiting for element Fixit Title visibility
[INFO ] 2022-05-20 08:01:30.829 [main] Log - Waiting for element Settings visibility
[INFO ] 2022-05-20 08:01:31.017 [main] Log - Click Settings
[INFO ] 2022-05-20 08:01:31.019 [main] Log - Waiting for element Log Out visibility
[INFO ] 2022-05-20 08:01:31.800 [main] Log - Click Log Out
[INFO ] 2022-05-20 08:01:31.800 [main] Log - logoutTest test succeed
[INFO ] 2022-05-20 08:01:32.074 [main] Log - loginToAppTest test is starting.
[INFO ] 2022-05-20 08:01:32.077 [main] Log - Waiting for element Please Sign In layout visibility
[INFO ] 2022-05-20 08:01:33.791 [main] Log - Field: userid value: vn53f48
[INFO ] 2022-05-20 08:01:34.918 [main] Log - Field: password value: M900624$a03
[INFO ] 2022-05-20 08:01:36.439 [main] Log - Field: store/club# value: 88
[INFO ] 2022-05-20 08:01:37.555 [main] Log - Waiting for element Sign in button visibility
[INFO ] 2022-05-20 08:01:38.737 [main] Log - Click Sign in button
[INFO ] 2022-05-20 08:01:38.738 [main] Log - Waiting for element Fixit Title visibility
[INFO ] 2022-05-20 08:01:39.627 [main] Log - Waiting for element Submitted Issues label visibility
[INFO ] 2022-05-20 08:01:45.626 [main] Log - Waiting for element Work Orders label visibility
[INFO ] 2022-05-20 08:01:45.681 [main] Log - Waiting for element Link View All Work Orders visibility
[INFO ] 2022-05-20 08:01:45.833 [main] Log - Submitted Issues label is displayed
[INFO ] 2022-05-20 08:01:45.890 [main] Log - Work Orders label is displayed
[INFO ] 2022-05-20 08:01:45.976 [main] Log - Link View All Work Orders is displayed
[INFO ] 2022-05-20 08:01:45.980 [main] Log - loginToAppTest test succeed
[INFO ] 2022-05-20 08:01:46.443 [main] Log - Method Fixit Tests on Android
[INFO ] 2022-05-20 12:27:36.686 [main] Log - Method Fixit Tests on Android
[INFO ] 2022-05-20 12:27:43.717 [main] Log - viewAllWorkOrders test is starting.
[INFO ] 2022-05-20 12:27:44.037 [main] Log - Waiting for element Fixit Title visibility
[INFO ] 2022-05-20 12:27:45.755 [main] Log - Waiting for element View all Work Orders link visibility
[INFO ] 2022-05-20 12:27:53.882 [main] Log - Click View all Work Orders link
[INFO ] 2022-05-20 12:27:53.892 [main] Log - Waiting for element Work Orders Title visibility
[INFO ] 2022-05-20 12:27:55.434 [main] Log - Waiting for element Trade column title visibility
[INFO ] 2022-05-20 12:27:55.649 [main] Log - Click Sorting by Trade
[INFO ] 2022-05-20 12:27:55.650 [main] Log - Waiting for element Date column title visibility
[INFO ] 2022-05-20 12:27:57.189 [main] Log - Click Sorting by Date
[INFO ] 2022-05-20 12:27:57.190 [main] Log - Waiting for element Priority column title visibility
[INFO ] 2022-05-20 12:27:58.220 [main] Log - Click Sorting by Priority
[INFO ] 2022-05-20 12:27:58.221 [main] Log - Field: Searching for Work Order - keyword: locksmith value: locksmith
[INFO ] 2022-05-20 12:28:00.278 [main] Log - ClearSearch For a work order Bar
[INFO ] 2022-05-20 12:28:01.066 [main] Log - Click X and go back
[INFO ] 2022-05-20 12:28:01.069 [main] Log - viewAllWorkOrders test succeed
[INFO ] 2022-05-20 12:28:01.434 [main] Log - viewWorkOrderDetails test is starting.
[INFO ] 2022-05-20 12:28:01.434 [main] Log - Waiting for element Fixit Title visibility
[INFO ] 2022-05-20 12:28:01.686 [main] Log - Waiting for element View all Work Orders link visibility
[INFO ] 2022-05-20 12:28:01.883 [main] Log - Click View all Work Orders link
[INFO ] 2022-05-20 12:28:01.884 [main] Log - Waiting for element Work Orders Title visibility
[INFO ] 2022-05-20 12:28:03.415 [main] Log - Click First Work Order
[INFO ] 2022-05-20 12:28:03.417 [main] Log - Waiting for element Work Order Details Title visibility
[INFO ] 2022-05-20 12:28:05.068 [main] Log - Click X and go back
[INFO ] 2022-05-20 12:28:05.068 [main] Log - viewWorkOrderDetails test succeed
[INFO ] 2022-05-20 12:28:05.393 [main] Log - loginToAppTest test is starting.
[INFO ] 2022-05-20 12:28:05.396 [main] Log - Waiting for element Please Sign In layout visibility
[ERROR] 2022-05-20 12:28:55.980 [main] Log - Expected condition failed: waiting for visibility of Proxy element for: DefaultElementLocator 'By.id: com.walmart.sso.app:id/textView' (tried for 50 second(s) with 500 milliseconds interval)
[INFO ] 2022-05-20 12:28:56.017 [main] Log - Field: userid value: vn53f48
[INFO ] 2022-05-20 12:28:56.079 [main] Log - loginToAppTest test failed
[INFO ] 2022-05-20 12:28:56.481 [main] Log - logoutTest test is starting.
[INFO ] 2022-05-20 12:28:56.481 [main] Log - Waiting for element Fixit Title visibility
[ERROR] 2022-05-20 12:29:46.623 [main] Log - Expected condition failed: waiting for visibility of Proxy element for: DefaultElementLocator 'By.xpath: (//android.widget.ImageView)[1]' (tried for 50 second(s) with 500 milliseconds interval)
[INFO ] 2022-05-20 12:29:46.624 [main] Log - Waiting for element Settings visibility
[ERROR] 2022-05-20 12:30:36.722 [main] Log - Expected condition failed: waiting for visibility of Proxy element for: DefaultElementLocator 'By.xpath: (//android.view.ViewGroup[3]/android.view.ViewGroup[3])[2]' (tried for 50 second(s) with 500 milliseconds interval)
[INFO ] 2022-05-20 12:30:36.775 [main] Log - logoutTest test failed
[INFO ] 2022-05-20 12:30:37.416 [main] Log - Method Fixit Tests on Android
[INFO ] 2022-05-20 12:31:41.077 [main] Log - Method Fixit Tests on Android
[INFO ] 2022-05-20 12:31:46.078 [main] Log - viewAllWorkOrders test is starting.
[INFO ] 2022-05-20 12:31:46.352 [main] Log - Waiting for element Fixit Title visibility
[INFO ] 2022-05-20 12:31:48.089 [main] Log - Waiting for element View all Work Orders link visibility
[INFO ] 2022-05-20 12:31:56.967 [main] Log - Click View all Work Orders link
[INFO ] 2022-05-20 12:31:56.973 [main] Log - Waiting for element Work Orders Title visibility
[INFO ] 2022-05-20 12:31:59.132 [main] Log - Waiting for element Trade column title visibility
[INFO ] 2022-05-20 12:31:59.440 [main] Log - Click Sorting by Trade
[INFO ] 2022-05-20 12:31:59.440 [main] Log - Waiting for element Date column title visibility
[INFO ] 2022-05-20 12:32:00.358 [main] Log - Click Sorting by Date
[INFO ] 2022-05-20 12:32:00.358 [main] Log - Waiting for element Priority column title visibility
[INFO ] 2022-05-20 12:32:01.223 [main] Log - Click Sorting by Priority
[INFO ] 2022-05-20 12:32:01.223 [main] Log - Field: Searching for Work Order - keyword: locksmith value: locksmith
[INFO ] 2022-05-20 12:32:03.744 [main] Log - ClearSearch For a work order Bar
[INFO ] 2022-05-20 12:32:04.559 [main] Log - Click X and go back
[INFO ] 2022-05-20 12:32:04.562 [main] Log - viewAllWorkOrders test succeed
[INFO ] 2022-05-20 12:32:04.847 [main] Log - viewWorkOrderDetails test is starting.
[INFO ] 2022-05-20 12:32:04.848 [main] Log - Waiting for element Fixit Title visibility
[INFO ] 2022-05-20 12:32:05.176 [main] Log - Waiting for element View all Work Orders link visibility
[INFO ] 2022-05-20 12:32:05.327 [main] Log - Click View all Work Orders link
[INFO ] 2022-05-20 12:32:05.328 [main] Log - Waiting for element Work Orders Title visibility
[INFO ] 2022-05-20 12:32:06.826 [main] Log - Click First Work Order
[INFO ] 2022-05-20 12:32:06.828 [main] Log - Waiting for element Work Order Details Title visibility
[INFO ] 2022-05-20 12:32:08.307 [main] Log - Click X and go back
[INFO ] 2022-05-20 12:32:08.307 [main] Log - viewWorkOrderDetails test succeed
[INFO ] 2022-05-20 12:32:08.594 [main] Log - logoutTest test is starting.
[INFO ] 2022-05-20 12:32:08.595 [main] Log - Waiting for element Fixit Title visibility
[ERROR] 2022-05-20 12:32:58.822 [main] Log - Expected condition failed: waiting for visibility of Proxy element for: DefaultElementLocator 'By.xpath: (//android.widget.ImageView)[1]' (tried for 50 second(s) with 500 milliseconds interval)
[INFO ] 2022-05-20 12:32:58.842 [main] Log - Waiting for element Settings visibility
[ERROR] 2022-05-20 12:33:49.371 [main] Log - Expected condition failed: waiting for visibility of Proxy element for: DefaultElementLocator 'By.xpath: (//android.view.ViewGroup[3]/android.view.ViewGroup[3])[2]' (tried for 50 second(s) with 500 milliseconds interval)
[INFO ] 2022-05-20 12:33:49.424 [main] Log - logoutTest test failed
[INFO ] 2022-05-20 12:33:49.685 [main] Log - loginToAppTest test is starting.
[INFO ] 2022-05-20 12:33:49.687 [main] Log - Waiting for element Please Sign In layout visibility
[ERROR] 2022-05-20 12:34:39.822 [main] Log - Expected condition failed: waiting for visibility of Proxy element for: DefaultElementLocator 'By.id: com.walmart.sso.app:id/textView' (tried for 50 second(s) with 500 milliseconds interval)
[INFO ] 2022-05-20 12:34:39.824 [main] Log - Field: userid value: vn53f48
[INFO ] 2022-05-20 12:34:39.873 [main] Log - loginToAppTest test failed
[INFO ] 2022-05-20 12:34:40.458 [main] Log - Method Fixit Tests on Android
[INFO ] 2022-05-20 12:35:24.349 [main] Log - Method Fixit Tests on Android
[INFO ] 2022-05-20 12:35:29.578 [main] Log - viewWorkOrderDetails test is starting.
[INFO ] 2022-05-20 12:35:29.875 [main] Log - Waiting for element Fixit Title visibility
[INFO ] 2022-05-20 12:35:31.680 [main] Log - Waiting for element View all Work Orders link visibility
[INFO ] 2022-05-20 12:35:39.784 [main] Log - Click View all Work Orders link
[INFO ] 2022-05-20 12:35:39.790 [main] Log - Waiting for element Work Orders Title visibility
[INFO ] 2022-05-20 12:35:41.441 [main] Log - Click First Work Order
[INFO ] 2022-05-20 12:35:41.442 [main] Log - Waiting for element Work Order Details Title visibility
[INFO ] 2022-05-20 12:35:42.951 [main] Log - Click X and go back
[INFO ] 2022-05-20 12:35:42.952 [main] Log - viewWorkOrderDetails test succeed
[INFO ] 2022-05-20 12:35:43.285 [main] Log - viewAllWorkOrders test is starting.
[INFO ] 2022-05-20 12:35:43.286 [main] Log - Waiting for element Fixit Title visibility
[INFO ] 2022-05-20 12:37:29.590 [main] Log - Method Fixit Tests on Android
[INFO ] 2022-05-20 12:37:35.497 [main] Log - loginToAppTest test is starting.
[INFO ] 2022-05-20 12:37:35.767 [main] Log - Waiting for element Please Sign In layout visibility
[INFO ] 2022-05-20 12:37:37.582 [main] Log - Field: userid value: vn53f48
[INFO ] 2022-05-20 12:37:38.718 [main] Log - Field: password value: M900624$a03
[INFO ] 2022-05-20 12:37:40.293 [main] Log - Field: store/club# value: 88
[INFO ] 2022-05-20 12:37:41.350 [main] Log - Waiting for element Sign in button visibility
[INFO ] 2022-05-20 12:37:42.558 [main] Log - Click Sign in button
[INFO ] 2022-05-20 12:37:42.559 [main] Log - Waiting for element Fixit Title visibility
[INFO ] 2022-05-20 12:37:43.579 [main] Log - Waiting for element Submitted Issues label visibility
[ERROR] 2022-05-20 12:38:33.870 [main] Log - Expected condition failed: waiting for visibility of Proxy element for: DefaultElementLocator 'By.xpath: //android.widget.TextView[@text='Submitted Issues']' (tried for 50 second(s) with 500 milliseconds interval)
[INFO ] 2022-05-20 12:38:33.892 [main] Log - Waiting for element Work Orders label visibility
[ERROR] 2022-05-20 12:39:24.471 [main] Log - Expected condition failed: waiting for visibility of Proxy element for: DefaultElementLocator 'By.xpath: //android.widget.TextView[@text='Work Orders']' (tried for 50 second(s) with 500 milliseconds interval)
[INFO ] 2022-05-20 12:39:24.473 [main] Log - Waiting for element Link View All Work Orders visibility
[ERROR] 2022-05-20 12:40:14.570 [main] Log - Expected condition failed: waiting for visibility of Proxy element for: DefaultElementLocator 'By.xpath: (//android.widget.TextView[contains(@text,'View All')])[1]' (tried for 50 second(s) with 500 milliseconds interval)
[INFO ] 2022-05-20 12:40:14.628 [main] Log - loginToAppTest test failed
[INFO ] 2022-05-20 12:40:15.082 [main] Log - viewAllWorkOrders test is starting.
[INFO ] 2022-05-20 12:40:15.084 [main] Log - Waiting for element Fixit Title visibility
[INFO ] 2022-05-20 12:40:15.132 [main] Log - Waiting for element View all Work Orders link visibility
[ERROR] 2022-05-20 12:41:05.220 [main] Log - Expected condition failed: waiting for visibility of Proxy element for: DefaultElementLocator 'By.xpath: (//android.widget.TextView[contains(@text,'View All')])[1]' (tried for 50 second(s) with 500 milliseconds interval)
[INFO ] 2022-05-20 12:41:05.273 [main] Log - viewAllWorkOrders test failed
[INFO ] 2022-05-20 12:41:05.686 [main] Log - viewWorkOrderDetails test is starting.
[INFO ] 2022-05-20 12:41:05.687 [main] Log - Waiting for element Fixit Title visibility
[INFO ] 2022-05-20 12:41:05.731 [main] Log - Waiting for element View all Work Orders link visibility
[INFO ] 2022-05-20 12:42:02.276 [main] Log - Method Fixit Tests on Android
[INFO ] 2022-05-20 12:42:11.879 [main] Log - viewAllWorkOrders test is starting.
[INFO ] 2022-05-20 12:42:12.304 [main] Log - Waiting for element Fixit Title visibility
[INFO ] 2022-05-20 12:42:15.442 [main] Log - Waiting for element View all Work Orders link visibility
[INFO ] 2022-05-20 12:42:26.179 [main] Log - Click View all Work Orders link
[INFO ] 2022-05-20 12:42:26.192 [main] Log - Waiting for element Work Orders Title visibility
[INFO ] 2022-05-20 12:42:30.842 [main] Log - Waiting for element Trade column title visibility
[INFO ] 2022-05-20 12:42:32.398 [main] Log - Click Sorting by Trade
[INFO ] 2022-05-20 12:42:32.398 [main] Log - Waiting for element Date column title visibility
[INFO ] 2022-05-20 12:42:33.343 [main] Log - Click Sorting by Date
[INFO ] 2022-05-20 12:42:33.344 [main] Log - Waiting for element Priority column title visibility
[INFO ] 2022-05-20 12:42:34.213 [main] Log - Click Sorting by Priority
[INFO ] 2022-05-20 12:42:34.214 [main] Log - Field: Searching for Work Order - keyword: locksmith value: locksmith
[INFO ] 2022-05-20 12:42:36.541 [main] Log - ClearSearch For a work order Bar
[INFO ] 2022-05-20 12:42:37.499 [main] Log - Click X and go back
[INFO ] 2022-05-20 12:42:37.502 [main] Log - viewAllWorkOrders test succeed
[INFO ] 2022-05-20 12:42:38.092 [main] Log - viewWorkOrderDetails test is starting.
[INFO ] 2022-05-20 12:42:38.093 [main] Log - Waiting for element Fixit Title visibility
[INFO ] 2022-05-20 12:42:38.197 [main] Log - Waiting for element View all Work Orders link visibility
[INFO ] 2022-05-20 12:42:38.496 [main] Log - Click View all Work Orders link
[INFO ] 2022-05-20 12:42:38.497 [main] Log - Waiting for element Work Orders Title visibility
[INFO ] 2022-05-20 12:42:40.560 [main] Log - Click First Work Order
[INFO ] 2022-05-20 12:42:40.562 [main] Log - Waiting for element Work Order Details Title visibility
[INFO ] 2022-05-20 12:42:42.341 [main] Log - Click X and go back
[INFO ] 2022-05-20 12:42:42.661 [main] Log - viewWorkOrderDetails test failed
[INFO ] 2022-05-20 12:42:43.138 [main] Log - logoutTest test is starting.
[INFO ] 2022-05-20 12:42:43.138 [main] Log - Waiting for element Fixit Title visibility
[ERROR] 2022-05-20 12:43:33.470 [main] Log - Expected condition failed: waiting for visibility of Proxy element for: DefaultElementLocator 'By.xpath: (//android.widget.ImageView)[1]' (tried for 50 second(s) with 500 milliseconds interval)
[INFO ] 2022-05-20 12:43:33.474 [main] Log - Waiting for element Settings visibility
[INFO ] 2022-05-20 12:43:36.066 [main] Log - Click Settings
[INFO ] 2022-05-20 12:43:36.079 [main] Log - Waiting for element Log Out visibility
[INFO ] 2022-05-20 12:43:36.868 [main] Log - Click Log Out
[INFO ] 2022-05-20 12:43:36.869 [main] Log - logoutTest test succeed
[INFO ] 2022-05-20 12:43:37.172 [main] Log - loginToAppTest test is starting.
[INFO ] 2022-05-20 12:43:37.175 [main] Log - Waiting for element Please Sign In layout visibility
[INFO ] 2022-05-20 12:43:38.844 [main] Log - Field: userid value: vn53f48
[INFO ] 2022-05-20 12:43:39.990 [main] Log - Field: password value: M900624$a03
[INFO ] 2022-05-20 12:43:42.206 [main] Log - Field: store/club# value: 88
[INFO ] 2022-05-20 12:43:46.084 [main] Log - Waiting for element Sign in button visibility
[INFO ] 2022-05-20 12:44:02.101 [main] Log - Click Sign in button
[INFO ] 2022-05-20 12:44:02.101 [main] Log - Waiting for element Fixit Title visibility
[ERROR] 2022-05-20 12:44:52.470 [main] Log - Expected condition failed: waiting for visibility of Proxy element for: DefaultElementLocator 'By.xpath: (//android.widget.ImageView)[1]' (tried for 50 second(s) with 500 milliseconds interval)
[INFO ] 2022-05-20 12:44:52.472 [main] Log - Waiting for element Submitted Issues label visibility
[ERROR] 2022-05-20 12:45:42.619 [main] Log - Expected condition failed: waiting for visibility of Proxy element for: DefaultElementLocator 'By.xpath: //android.widget.TextView[@text='Submitted Issues']' (tried for 50 second(s) with 500 milliseconds interval)
[INFO ] 2022-05-20 12:45:42.619 [main] Log - Waiting for element Work Orders label visibility
[ERROR] 2022-05-20 12:46:32.719 [main] Log - Expected condition failed: waiting for visibility of Proxy element for: DefaultElementLocator 'By.xpath: //android.widget.TextView[@text='Work Orders']' (tried for 50 second(s) with 500 milliseconds interval)
[INFO ] 2022-05-20 12:46:32.720 [main] Log - Waiting for element Link View All Work Orders visibility
[ERROR] 2022-05-20 12:47:22.802 [main] Log - Expected condition failed: waiting for visibility of Proxy element for: DefaultElementLocator 'By.xpath: (//android.widget.TextView[contains(@text,'View All')])[1]' (tried for 50 second(s) with 500 milliseconds interval)
[INFO ] 2022-05-20 12:47:22.833 [main] Log - loginToAppTest test failed
[INFO ] 2022-05-20 12:47:23.233 [main] Log - Method Fixit Tests on Android
[INFO ] 2022-05-20 13:19:18.508 [main] Log - Method Fixit Tests on Android
[INFO ] 2022-05-20 13:19:24.294 [main] Log - viewAllWorkOrders test is starting.
[INFO ] 2022-05-20 13:19:24.842 [main] Log - Waiting for element Fixit Title visibility
[INFO ] 2022-05-20 13:19:27.751 [main] Log - Waiting for element View all Work Orders link visibility
[INFO ] 2022-05-20 13:19:37.923 [main] Log - Click View all Work Orders link
[INFO ] 2022-05-20 13:19:37.933 [main] Log - Waiting for element Work Orders Title visibility
[INFO ] 2022-05-20 13:19:39.567 [main] Log - Waiting for element Trade column title visibility
[INFO ] 2022-05-20 13:19:39.817 [main] Log - Click Sorting by Trade
[INFO ] 2022-05-20 13:19:39.817 [main] Log - Waiting for element Date column title visibility
[INFO ] 2022-05-20 13:19:40.600 [main] Log - Click Sorting by Date
[INFO ] 2022-05-20 13:19:40.600 [main] Log - Waiting for element Priority column title visibility
[INFO ] 2022-05-20 13:19:41.367 [main] Log - Click Sorting by Priority
[INFO ] 2022-05-20 13:19:41.367 [main] Log - Field: Searching for Work Order - keyword: locksmith value: locksmith
[INFO ] 2022-05-20 13:19:43.409 [main] Log - ClearSearch For a work order Bar
[INFO ] 2022-05-20 13:19:44.200 [main] Log - Click X and go back
[INFO ] 2022-05-20 13:19:44.203 [main] Log - viewAllWorkOrders test succeed
[INFO ] 2022-05-20 13:19:44.600 [main] Log - viewWorkOrderDetails test is starting.
[INFO ] 2022-05-20 13:19:44.601 [main] Log - Waiting for element Fixit Title visibility
[INFO ] 2022-05-20 13:19:44.818 [main] Log - Waiting for element View all Work Orders link visibility
[INFO ] 2022-05-20 13:19:44.967 [main] Log - Click View all Work Orders link
[INFO ] 2022-05-20 13:19:44.968 [main] Log - Waiting for element Work Orders Title visibility
[INFO ] 2022-05-20 13:19:46.500 [main] Log - Click First Work Order
[INFO ] 2022-05-20 13:19:46.502 [main] Log - Waiting for element Work Order Details Title visibility
[INFO ] 2022-05-20 13:19:48.056 [main] Log - Click X and go back
[INFO ] 2022-05-20 13:19:48.159 [main] Log - Click X and go back
[INFO ] 2022-05-20 13:19:48.160 [main] Log - viewWorkOrderDetails test succeed
[INFO ] 2022-05-20 13:19:48.497 [main] Log - logoutTest test is starting.
[INFO ] 2022-05-20 13:19:48.498 [main] Log - Waiting for element Fixit Title visibility
[INFO ] 2022-05-20 13:22:51.929 [main] Log - Method Fixit Tests on Android
[INFO ] 2022-05-20 13:22:58.350 [main] Log - viewAllWorkOrders test is starting.
[INFO ] 2022-05-20 13:22:58.670 [main] Log - Waiting for element Fixit Title visibility
[INFO ] 2022-05-20 13:23:00.537 [main] Log - Waiting for element View all Work Orders link visibility
[INFO ] 2022-05-20 13:23:08.445 [main] Log - Click View all Work Orders link
[INFO ] 2022-05-20 13:23:08.451 [main] Log - Waiting for element Work Orders Title visibility
[INFO ] 2022-05-20 13:23:09.922 [main] Log - Waiting for element Trade column title visibility
[INFO ] 2022-05-20 13:23:10.125 [main] Log - Click Sorting by Trade
[INFO ] 2022-05-20 13:23:10.125 [main] Log - Waiting for element Date column title visibility
[INFO ] 2022-05-20 13:23:10.877 [main] Log - Click Sorting by Date
[INFO ] 2022-05-20 13:23:10.877 [main] Log - Waiting for element Priority column title visibility
[INFO ] 2022-05-20 13:23:11.627 [main] Log - Click Sorting by Priority
[INFO ] 2022-05-20 13:23:11.627 [main] Log - Field: Searching for Work Order - keyword: locksmith value: locksmith
[INFO ] 2022-05-20 13:23:13.487 [main] Log - ClearSearch For a work order Bar
[INFO ] 2022-05-20 13:23:14.244 [main] Log - Click X and go back to Home Page
[INFO ] 2022-05-20 13:23:14.246 [main] Log - viewAllWorkOrders test succeed
[INFO ] 2022-05-20 13:23:14.562 [main] Log - viewWorkOrderDetails test is starting.
[INFO ] 2022-05-20 13:23:14.562 [main] Log - Waiting for element Fixit Title visibility
[INFO ] 2022-05-20 13:23:14.867 [main] Log - Waiting for element View all Work Orders link visibility
[INFO ] 2022-05-20 13:23:15.029 [main] Log - Click View all Work Orders link
[INFO ] 2022-05-20 13:23:15.029 [main] Log - Waiting for element Work Orders Title visibility
[INFO ] 2022-05-20 13:23:16.493 [main] Log - Click First Work Order
[INFO ] 2022-05-20 13:23:16.494 [main] Log - Waiting for element Work Order Details Title visibility
[INFO ] 2022-05-20 13:23:17.758 [main] Log - Click X and go back to Work Order List page
[INFO ] 2022-05-20 13:23:17.825 [main] Log - Click X and go back to Home Page
[INFO ] 2022-05-20 13:23:17.825 [main] Log - viewWorkOrderDetails test succeed
[INFO ] 2022-05-20 13:23:18.092 [main] Log - logoutTest test is starting.
[INFO ] 2022-05-20 13:23:18.093 [main] Log - Waiting for element Fixit Title visibility
[INFO ] 2022-05-20 13:23:30.671 [main] Log - Waiting for element Settings visibility
[INFO ] 2022-05-20 13:23:30.825 [main] Log - Click Settings
[INFO ] 2022-05-20 13:23:30.827 [main] Log - Waiting for element Log Out visibility
[INFO ] 2022-05-20 13:23:31.592 [main] Log - Click Log Out
[INFO ] 2022-05-20 13:23:31.592 [main] Log - logoutTest test succeed
[INFO ] 2022-05-20 13:23:31.904 [main] Log - loginToAppTest test is starting.
[INFO ] 2022-05-20 13:23:31.907 [main] Log - Waiting for element Please Sign In layout visibility
[INFO ] 2022-05-20 13:23:33.650 [main] Log - Field: userid value: vn53f48
[INFO ] 2022-05-20 13:23:34.712 [main] Log - Field: password value: M900624$a03
[INFO ] 2022-05-20 13:23:36.251 [main] Log - Field: store/club# value: 88
[INFO ] 2022-05-20 13:23:37.802 [main] Log - Waiting for element Sign in button visibility
[INFO ] 2022-05-20 13:23:38.968 [main] Log - Click Sign in button
[INFO ] 2022-05-20 13:23:38.969 [main] Log - Waiting for element Fixit Title visibility
[INFO ] 2022-05-20 13:23:40.101 [main] Log - Waiting for element Submitted Issues label visibility
[INFO ] 2022-05-20 13:23:45.468 [main] Log - Waiting for element Work Orders label visibility
[INFO ] 2022-05-20 13:23:45.522 [main] Log - Waiting for element Link View All Work Orders visibility
[INFO ] 2022-05-20 13:23:45.621 [main] Log - Submitted Issues label is displayed
[INFO ] 2022-05-20 13:23:45.669 [main] Log - Work Orders label is displayed
[INFO ] 2022-05-20 13:23:45.718 [main] Log - Link View All Work Orders is displayed
[INFO ] 2022-05-20 13:23:45.721 [main] Log - loginToAppTest test succeed
[INFO ] 2022-05-20 13:23:46.201 [main] Log - Method Fixit Tests on Android
[INFO ] 2022-05-20 13:24:20.851 [main] Log - Method Fixit Tests on Android
[INFO ] 2022-05-20 13:24:25.979 [main] Log - viewAllWorkOrders test is starting.
[INFO ] 2022-05-20 13:24:26.300 [main] Log - Waiting for element Fixit Title visibility
[INFO ] 2022-05-20 13:24:28.683 [main] Log - Waiting for element View all Work Orders link visibility
[INFO ] 2022-05-20 13:24:36.429 [main] Log - Click View all Work Orders link
[INFO ] 2022-05-20 13:24:36.437 [main] Log - Waiting for element Work Orders Title visibility
[INFO ] 2022-05-20 13:24:37.985 [main] Log - Waiting for element Trade column title visibility
[INFO ] 2022-05-20 13:24:38.211 [main] Log - Click Sorting by Trade
[INFO ] 2022-05-20 13:24:38.211 [main] Log - Waiting for element Date column title visibility
[INFO ] 2022-05-20 13:24:39.022 [main] Log - Click Sorting by Date
[INFO ] 2022-05-20 13:24:39.023 [main] Log - Waiting for element Priority column title visibility
[INFO ] 2022-05-20 13:24:39.777 [main] Log - Click Sorting by Priority
[INFO ] 2022-05-20 13:24:39.777 [main] Log - Field: Searching for Work Order - keyword: locksmith value: locksmith
[INFO ] 2022-05-20 13:24:41.360 [main] Log - ClearSearch For a work order Bar
[INFO ] 2022-05-20 13:24:42.089 [main] Log - Click X and go back to Home Page
[INFO ] 2022-05-20 13:24:42.092 [main] Log - viewAllWorkOrders test succeed
[INFO ] 2022-05-20 13:24:42.394 [main] Log - viewWorkOrderDetails test is starting.
[INFO ] 2022-05-20 13:24:42.394 [main] Log - Waiting for element Fixit Title visibility
[INFO ] 2022-05-20 13:24:42.715 [main] Log - Waiting for element View all Work Orders link visibility
[INFO ] 2022-05-20 13:24:42.873 [main] Log - Click View all Work Orders link
[INFO ] 2022-05-20 13:24:42.874 [main] Log - Waiting for element Work Orders Title visibility
[INFO ] 2022-05-20 13:24:44.339 [main] Log - Click First Work Order
[INFO ] 2022-05-20 13:24:44.341 [main] Log - Waiting for element Work Order Details Title visibility
[INFO ] 2022-05-20 13:24:45.589 [main] Log - Click X and go back to Work Order List page
[INFO ] 2022-05-20 13:24:45.589 [main] Log - Waiting for element Work Orders Title visibility
[INFO ] 2022-05-20 13:24:46.443 [main] Log - Click X and go back to Home Page
[INFO ] 2022-05-20 13:24:46.444 [main] Log - viewWorkOrderDetails test succeed
[INFO ] 2022-05-20 13:24:46.692 [main] Log - logoutTest test is starting.
[INFO ] 2022-05-20 13:24:46.692 [main] Log - Waiting for element Fixit Title visibility
[INFO ] 2022-05-20 13:24:47.038 [main] Log - Waiting for element Settings visibility
[INFO ] 2022-05-20 13:24:47.172 [main] Log - Click Settings
[INFO ] 2022-05-20 13:24:47.173 [main] Log - Waiting for element Log Out visibility
[INFO ] 2022-05-20 13:24:47.906 [main] Log - Click Log Out
[INFO ] 2022-05-20 13:24:47.907 [main] Log - logoutTest test succeed
[INFO ] 2022-05-20 13:24:48.164 [main] Log - loginToAppTest test is starting.
[INFO ] 2022-05-20 13:24:48.165 [main] Log - Waiting for element Please Sign In layout visibility
[INFO ] 2022-05-20 13:24:49.929 [main] Log - Field: userid value: vn53f48
[INFO ] 2022-05-20 13:24:51.032 [main] Log - Field: password value: M900624$a03
[INFO ] 2022-05-20 13:24:52.074 [main] Log - Field: store/club# value: 88
[INFO ] 2022-05-20 13:24:53.130 [main] Log - Waiting for element Sign in button visibility
[INFO ] 2022-05-20 13:24:54.299 [main] Log - Click Sign in button
[INFO ] 2022-05-20 13:24:54.300 [main] Log - Waiting for element Fixit Title visibility
[INFO ] 2022-05-20 13:24:55.327 [main] Log - Waiting for element Submitted Issues label visibility
[INFO ] 2022-05-20 13:25:00.178 [main] Log - Waiting for element Work Orders label visibility
[INFO ] 2022-05-20 13:25:00.230 [main] Log - Waiting for element Link View All Work Orders visibility
[INFO ] 2022-05-20 13:25:00.329 [main] Log - Submitted Issues label is displayed
[INFO ] 2022-05-20 13:25:00.381 [main] Log - Work Orders label is displayed
[INFO ] 2022-05-20 13:25:00.428 [main] Log - Link View All Work Orders is displayed
[INFO ] 2022-05-20 13:25:00.430 [main] Log - loginToAppTest test succeed
[INFO ] 2022-05-20 13:25:00.975 [main] Log - Method Fixit Tests on Android
[INFO ] 2022-05-20 13:26:44.939 [main] Log - Method Fixit Tests on Android
[INFO ] 2022-05-20 13:26:49.964 [main] Log - viewAllWorkOrders test is starting.
[INFO ] 2022-05-20 13:26:50.274 [main] Log - Waiting for element Fixit Title visibility
[INFO ] 2022-05-20 13:26:52.023 [main] Log - Waiting for element View all Work Orders link visibility
[INFO ] 2022-05-20 13:27:01.035 [main] Log - Click View all Work Orders link
[INFO ] 2022-05-20 13:27:01.041 [main] Log - Waiting for element Work Orders Title visibility
[INFO ] 2022-05-20 13:27:02.568 [main] Log - Waiting for element Trade column title visibility
[INFO ] 2022-05-20 13:27:02.767 [main] Log - Click Sorting by Trade
[INFO ] 2022-05-20 13:27:02.767 [main] Log - Waiting for element Date column title visibility
[INFO ] 2022-05-20 13:27:03.569 [main] Log - Click Sorting by Date
[INFO ] 2022-05-20 13:27:03.569 [main] Log - Waiting for element Priority column title visibility
[INFO ] 2022-05-20 13:27:04.318 [main] Log - Click Sorting by Priority
[INFO ] 2022-05-20 13:27:04.319 [main] Log - Field: Searching for Work Order - keyword: locksmith value: locksmith
[INFO ] 2022-05-20 13:27:05.724 [main] Log - ClearSearch For a work order Bar
[INFO ] 2022-05-20 13:27:06.451 [main] Log - Click X and go back to Home Page
[INFO ] 2022-05-20 13:27:06.453 [main] Log - viewAllWorkOrders test succeed
[INFO ] 2022-05-20 13:27:06.743 [main] Log - viewWorkOrderDetails test is starting.
[INFO ] 2022-05-20 13:27:06.744 [main] Log - Waiting for element Fixit Title visibility
[INFO ] 2022-05-20 13:27:07.107 [main] Log - Waiting for element View all Work Orders link visibility
[INFO ] 2022-05-20 13:27:07.252 [main] Log - Click View all Work Orders link
[INFO ] 2022-05-20 13:27:07.253 [main] Log - Waiting for element Work Orders Title visibility
[INFO ] 2022-05-20 13:27:08.752 [main] Log - Click First Work Order
[INFO ] 2022-05-20 13:27:08.753 [main] Log - Waiting for element Work Order Details Title visibility
[INFO ] 2022-05-20 13:27:10.253 [main] Log - Click X and go back to Work Order List page
[INFO ] 2022-05-20 13:27:10.253 [main] Log - Waiting for element Work Orders Title visibility
[INFO ] 2022-05-20 13:27:11.089 [main] Log - Click X and go back to Home Page
[INFO ] 2022-05-20 13:27:11.090 [main] Log - viewWorkOrderDetails test succeed
[INFO ] 2022-05-20 13:27:11.330 [main] Log - logoutTest test is starting.
[INFO ] 2022-05-20 13:27:11.331 [main] Log - Waiting for element Fixit Title visibility
[INFO ] 2022-05-20 13:27:11.704 [main] Log - Waiting for element Settings visibility
[INFO ] 2022-05-20 13:27:11.833 [main] Log - Click Settings
[INFO ] 2022-05-20 13:27:11.834 [main] Log - Waiting for element Log Out visibility
[INFO ] 2022-05-20 13:27:12.601 [main] Log - Click Log Out
[INFO ] 2022-05-20 13:27:12.601 [main] Log - logoutTest test succeed
[INFO ] 2022-05-20 13:27:13.152 [main] Log - Method Fixit Tests on Android
[INFO ] 2022-05-20 13:33:15.048 [main] Log - Method Fixit Tests on Android
[INFO ] 2022-05-20 13:33:20.182 [main] Log - loginToAppTest test is starting.
[INFO ] 2022-05-20 13:33:20.490 [main] Log - Waiting for element Please Sign In layout visibility
[INFO ] 2022-05-20 13:33:22.681 [main] Log - Field: userid value: vn53f48
[INFO ] 2022-05-20 13:33:23.793 [main] Log - Field: password value: M900624$a03
[INFO ] 2022-05-20 13:33:24.828 [main] Log - Field: store/club# value: 88
[INFO ] 2022-05-20 13:33:26.383 [main] Log - Waiting for element Sign in button visibility
[INFO ] 2022-05-20 13:33:27.589 [main] Log - Click Sign in button
[INFO ] 2022-05-20 13:33:27.590 [main] Log - Waiting for element Fixit Title visibility
[INFO ] 2022-05-20 13:33:28.929 [main] Log - Waiting for element Submitted Issues label visibility
[INFO ] 2022-05-20 13:33:34.125 [main] Log - Waiting for element Work Orders label visibility
[INFO ] 2022-05-20 13:33:34.348 [main] Log - Waiting for element Link View All Work Orders visibility
[INFO ] 2022-05-20 13:33:36.930 [main] Log - Submitted Issues label is displayed
[INFO ] 2022-05-20 13:33:37.315 [main] Log - Work Orders label is displayed
[INFO ] 2022-05-20 13:33:37.583 [main] Log - Link View All Work Orders is displayed
[INFO ] 2022-05-20 13:33:37.588 [main] Log - loginToAppTest test succeed
[INFO ] 2022-05-20 13:33:37.906 [main] Log - viewAllWorkOrders test is starting.
[INFO ] 2022-05-20 13:33:37.907 [main] Log - Waiting for element Fixit Title visibility
[INFO ] 2022-05-20 13:33:38.101 [main] Log - Waiting for element View all Work Orders link visibility
[INFO ] 2022-05-20 13:33:38.414 [main] Log - Click View all Work Orders link
[INFO ] 2022-05-20 13:33:38.420 [main] Log - Waiting for element Work Orders Title visibility
[INFO ] 2022-05-20 13:33:39.988 [main] Log - viewAllWorkOrders test failed
[INFO ] 2022-05-20 13:33:40.230 [main] Log - viewWorkOrderDetails test is starting.
[INFO ] 2022-05-20 13:33:40.230 [main] Log - Waiting for element Work Orders Title visibility
[INFO ] 2022-05-20 13:33:40.719 [main] Log - Click First Work Order
[INFO ] 2022-05-20 13:33:40.721 [main] Log - Waiting for element Work Order Details Title visibility
[INFO ] 2022-05-20 13:33:42.213 [main] Log - viewWorkOrderDetails test succeed
[INFO ] 2022-05-20 13:33:42.501 [main] Log - logoutTest test is starting.
[INFO ] 2022-05-20 13:33:42.501 [main] Log - Waiting for element Fixit Title visibility
[INFO ] 2022-05-20 13:38:35.892 [main] Log - Method FixIT-Automation
[INFO ] 2022-05-20 13:38:42.099 [main] Log - logoutTest test is starting.
[INFO ] 2022-05-20 13:38:42.354 [main] Log - Waiting for element Fixit Title visibility
[INFO ] 2022-05-20 13:38:44.042 [main] Log - Waiting for element Settings visibility
[INFO ] 2022-05-20 13:38:52.499 [main] Log - Click Settings
[INFO ] 2022-05-20 13:38:52.501 [main] Log - Waiting for element Log Out visibility
[INFO ] 2022-05-20 13:38:53.302 [main] Log - Click Log Out
[INFO ] 2022-05-20 13:38:53.304 [main] Log - logoutTest test succeed
[INFO ] 2022-05-20 13:38:53.969 [main] Log - Method FixIT-Automation
[INFO ] 2022-05-20 13:45:03.228 [main] Log - Method FixIT-Automation
[INFO ] 2022-05-20 13:45:09.188 [main] Log - logoutTest test is starting.
[INFO ] 2022-05-20 13:45:09.596 [main] Log - Waiting for element Fixit Title visibility
[INFO ] 2022-05-20 13:45:31.453 [main] Log - Method Fixit Tests on Android
[INFO ] 2022-05-20 13:45:37.354 [main] Log - loginToAppTest test is starting.
[INFO ] 2022-05-20 13:45:37.631 [main] Log - Waiting for element Please Sign In layout visibility
[INFO ] 2022-05-20 13:45:39.598 [main] Log - Field: userid value: vn53f48
[INFO ] 2022-05-20 13:45:40.692 [main] Log - Field: password value: M900624$a03
[INFO ] 2022-05-20 13:45:42.229 [main] Log - Field: store/club# value: 88
[INFO ] 2022-05-20 13:45:43.292 [main] Log - Waiting for element Sign in button visibility
[INFO ] 2022-05-20 13:45:44.462 [main] Log - Click Sign in button
[INFO ] 2022-05-20 13:45:44.463 [main] Log - Waiting for element Fixit Title visibility
[INFO ] 2022-05-20 13:45:45.628 [main] Log - Waiting for element Submitted Issues label visibility
[INFO ] 2022-05-20 13:52:03.035 [main] Log - Method FixIT-Automation
[INFO ] 2022-05-20 13:52:09.210 [main] Log - loginToAppTest test is starting.
[INFO ] 2022-05-20 13:52:09.511 [main] Log - Waiting for element Please Sign In layout visibility
[INFO ] 2022-05-20 13:52:21.926 [main] Log - Field: userid value: vn53f48
[INFO ] 2022-05-20 13:52:23.010 [main] Log - Field: password value: M900624$a03
[INFO ] 2022-05-20 13:52:24.041 [main] Log - Field: store/club# value: 88
[INFO ] 2022-05-20 13:52:25.602 [main] Log - Waiting for element Sign in button visibility
[INFO ] 2022-05-20 13:52:26.238 [main] Log - Click Sign in button
[INFO ] 2022-05-20 13:52:26.240 [main] Log - Waiting for element Fixit Title visibility
[INFO ] 2022-05-20 13:52:28.155 [main] Log - Waiting for element Submitted Issues label visibility
[INFO ] 2022-05-20 13:52:35.580 [main] Log - Waiting for element Work Orders label visibility
[INFO ] 2022-05-20 13:52:35.683 [main] Log - Waiting for element Link View All Work Orders visibility
[INFO ] 2022-05-20 13:52:35.970 [main] Log - Submitted Issues label is displayed
[INFO ] 2022-05-20 13:52:36.047 [main] Log - Work Orders label is displayed
[INFO ] 2022-05-20 13:52:36.121 [main] Log - Link View All Work Orders is displayed
[INFO ] 2022-05-20 13:52:36.125 [main] Log - loginToAppTest test succeed
[INFO ] 2022-05-20 13:52:36.370 [main] Log - viewAllWorkOrders test is starting.
[INFO ] 2022-05-20 13:52:36.371 [main] Log - Waiting for element Fixit Title visibility
[INFO ] 2022-05-20 13:52:36.434 [main] Log - Waiting for element View all Work Orders link visibility
[INFO ] 2022-05-20 13:52:38.164 [main] Log - Click View all Work Orders link
[INFO ] 2022-05-20 13:52:38.171 [main] Log - Waiting for element Work Orders Title visibility
[INFO ] 2022-05-20 13:52:38.258 [main] Log - Waiting for element Trade column title visibility
[INFO ] 2022-05-20 13:52:38.435 [main] Log - Click Sorting by Trade
[INFO ] 2022-05-20 13:52:38.435 [main] Log - Waiting for element Date column title visibility
[INFO ] 2022-05-20 13:52:39.203 [main] Log - Click Sorting by Date
[INFO ] 2022-05-20 13:52:39.204 [main] Log - Waiting for element Priority column title visibility
[INFO ] 2022-05-20 13:52:39.954 [main] Log - Click Sorting by Priority
[INFO ] 2022-05-20 13:52:39.955 [main] Log - Field: Searching for Work Order - keyword: locksmith value: locksmith
[INFO ] 2022-05-20 13:52:41.962 [main] Log - ClearSearch For a work order Bar
[INFO ] 2022-05-20 13:52:41.962 [main] Log - viewAllWorkOrders test succeed
[INFO ] 2022-05-20 13:52:42.201 [main] Log - viewWorkOrderDetails test is starting.
[INFO ] 2022-05-20 13:52:42.202 [main] Log - Waiting for element Work Orders Title visibility
[INFO ] 2022-05-20 13:52:42.824 [main] Log - Click First Work Order
[INFO ] 2022-05-20 13:52:42.826 [main] Log - Waiting for element Work Order Details Title visibility
[INFO ] 2022-05-20 13:52:44.219 [main] Log - viewWorkOrderDetails test succeed
[INFO ] 2022-05-20 13:52:44.515 [main] Log - submitAnIssueTest test is starting.
[INFO ] 2022-05-20 13:52:44.516 [main] Log - Waiting for element Fixit Title visibility
[INFO ] 2022-05-20 15:40:52.528 [main] Log - Method FixIT-Automation
[INFO ] 2022-05-20 15:41:00.618 [main] Log - loginToAppTest test is starting.
[INFO ] 2022-05-20 15:41:01.193 [main] Log - Waiting for element Please Sign In layout visibility
[INFO ] 2022-05-20 15:41:03.768 [main] Log - Field: userid value: vn53f48
[INFO ] 2022-05-20 15:41:04.905 [main] Log - Field: password value: M900624$a03
[INFO ] 2022-05-20 15:41:05.958 [main] Log - Field: store/club# value: 88
[INFO ] 2022-05-20 15:41:07.507 [main] Log - Waiting for element Sign in button visibility
[INFO ] 2022-05-20 15:41:08.712 [main] Log - Click Sign in button
[INFO ] 2022-05-20 15:41:08.715 [main] Log - Waiting for element Fixit Title visibility
[INFO ] 2022-05-20 15:41:09.960 [main] Log - Waiting for element Submitted Issues label visibility
[INFO ] 2022-05-20 15:41:15.460 [main] Log - Waiting for element Work Orders label visibility
[INFO ] 2022-05-20 15:41:15.896 [main] Log - Waiting for element Link View All Work Orders visibility
[INFO ] 2022-05-20 15:41:17.949 [main] Log - Submitted Issues label is displayed
[INFO ] 2022-05-20 15:41:18.122 [main] Log - Work Orders label is displayed
[INFO ] 2022-05-20 15:41:19.059 [main] Log - Link View All Work Orders is displayed
[INFO ] 2022-05-20 15:41:19.066 [main] Log - loginToAppTest test succeed
[INFO ] 2022-05-20 15:41:19.604 [main] Log - viewAllWorkOrders test is starting.
[INFO ] 2022-05-20 15:41:19.609 [main] Log - Waiting for element Fixit Title visibility
[INFO ] 2022-05-20 15:41:20.445 [main] Log - Waiting for element View all Work Orders link visibility
[INFO ] 2022-05-20 15:41:20.826 [main] Log - Click View all Work Orders link
[INFO ] 2022-05-20 15:41:20.834 [main] Log - Waiting for element Work Orders Title visibility
[INFO ] 2022-05-20 15:41:22.438 [main] Log - Waiting for element Trade column title visibility
[INFO ] 2022-05-20 15:41:22.670 [main] Log - Click Sorting by Trade
[INFO ] 2022-05-20 15:41:22.670 [main] Log - Waiting for element Date column title visibility
[INFO ] 2022-05-20 15:41:23.569 [main] Log - Click Sorting by Date
[INFO ] 2022-05-20 15:41:23.569 [main] Log - Waiting for element Priority column title visibility
[INFO ] 2022-05-20 15:41:24.422 [main] Log - Click Sorting by Priority
[INFO ] 2022-05-20 15:41:24.422 [main] Log - Field: Searching for Work Order - keyword: locksmith value: locksmith
[INFO ] 2022-05-20 15:41:26.560 [main] Log - ClearSearch For a work order Bar
[INFO ] 2022-05-20 15:41:26.561 [main] Log - viewAllWorkOrders test succeed
[INFO ] 2022-05-20 15:41:27.235 [main] Log - viewWorkOrderDetails test is starting.
[INFO ] 2022-05-20 15:41:27.237 [main] Log - Waiting for element Work Orders Title visibility
[INFO ] 2022-05-20 15:41:28.199 [main] Log - Click First Work Order
[INFO ] 2022-05-20 15:41:28.200 [main] Log - Waiting for element Work Order Details Title visibility
[INFO ] 2022-05-20 15:41:30.087 [main] Log - viewWorkOrderDetails test succeed
[INFO ] 2022-05-20 15:41:30.499 [main] Log - goBackToHomeFromWorkOrderDetails test is starting.
[INFO ] 2022-05-20 15:41:30.500 [main] Log - Waiting for element Work Order Details Title visibility
[INFO ] 2022-05-20 15:41:30.743 [main] Log - Click X and go back to Work Order List page
[INFO ] 2022-05-20 15:41:30.743 [main] Log - Waiting for element Work Orders Title visibility
[INFO ] 2022-05-20 15:41:31.709 [main] Log - Click X and go back to Home Page
[INFO ] 2022-05-20 15:41:31.709 [main] Log - goBackToHomeFromWorkOrderDetails test succeed
[INFO ] 2022-05-20 15:41:31.996 [main] Log - submitAnIssueTest test is starting.
[INFO ] 2022-05-20 15:41:31.997 [main] Log - Waiting for element Fixit Title visibility
[INFO ] 2022-05-20 15:41:32.338 [main] Log - Waiting for element SUBMIT AN ISSUE button visibility
[INFO ] 2022-05-20 15:41:32.525 [main] Log - Click SUBMIT AN ISSUE button
[INFO ] 2022-05-20 15:41:32.527 [main] Log - Waiting for element Submit an issue Title visibility
[ERROR] 2022-05-20 15:42:22.630 [main] Log - Expected condition failed: waiting for visibility of Proxy element for: DefaultElementLocator 'By.xpath: //android.widget.TextView[@text='Submit an issue']' (tried for 50 second(s) with 500 milliseconds interval)
[INFO ] 2022-05-20 15:42:22.686 [main] Log - submitAnIssueTest test succeed
[INFO ] 2022-05-20 15:42:23.139 [main] Log - logoutTest test is starting.
[INFO ] 2022-05-20 15:42:23.140 [main] Log - Waiting for element Fixit Title visibility
[INFO ] 2022-05-20 15:42:23.239 [main] Log - Waiting for element Settings visibility
[INFO ] 2022-05-20 15:42:23.494 [main] Log - Click Settings
[INFO ] 2022-05-20 15:42:23.496 [main] Log - Waiting for element Log Out visibility
[INFO ] 2022-05-20 15:42:24.322 [main] Log - Click Log Out
[INFO ] 2022-05-20 15:42:24.323 [main] Log - logoutTest test succeed
[INFO ] 2022-05-20 15:42:25.314 [main] Log - Method FixIT-Automation
[INFO ] 2022-05-20 16:02:09.719 [main] Log - Method FixIT-Automation
[INFO ] 2022-05-20 16:02:16.733 [main] Log - loginToAppTest test is starting.
[INFO ] 2022-05-20 16:02:17.259 [main] Log - Waiting for element Please Sign In layout visibility
[INFO ] 2022-05-20 16:02:19.443 [main] Log - Field: userid value: vn53f48
[INFO ] 2022-05-20 16:02:20.599 [main] Log - Field: password value: M900624$a03
[INFO ] 2022-05-20 16:02:21.646 [main] Log - Field: store/club# value: 88
[INFO ] 2022-05-20 16:02:23.187 [main] Log - Waiting for element Sign in button visibility
[INFO ] 2022-05-20 16:02:24.366 [main] Log - Click Sign in button
[INFO ] 2022-05-20 16:02:24.370 [main] Log - Waiting for element Fixit Title visibility
[INFO ] 2022-05-20 16:02:25.666 [main] Log - Waiting for element Submitted Issues label visibility
[ERROR] 2022-05-20 16:03:16.123 [main] Log - Expected condition failed: waiting for visibility of Proxy element for: DefaultElementLocator 'By.xpath: //android.widget.TextView[@text='Submitted Issues']' (tried for 50 second(s) with 500 milliseconds interval)
[INFO ] 2022-05-20 16:03:16.196 [main] Log - Waiting for element Work Orders label visibility
[INFO ] 2022-05-20 16:14:00.332 [main] Log - Method FixIT-Automation
[INFO ] 2022-05-20 16:14:06.827 [main] Log - loginToAppTest test is starting.
[INFO ] 2022-05-20 16:14:07.184 [main] Log - Waiting for element Please Sign In layout visibility
[INFO ] 2022-05-20 16:14:09.312 [main] Log - Field: userid value: vn53f48
[INFO ] 2022-05-20 16:14:10.362 [main] Log - Field: password value: M900624$a03
[INFO ] 2022-05-20 16:14:11.896 [main] Log - Field: store/club# value: 88
[INFO ] 2022-05-20 16:14:12.943 [main] Log - Waiting for element Sign in button visibility
[INFO ] 2022-05-20 16:14:14.117 [main] Log - Click Sign in button
[INFO ] 2022-05-20 16:14:14.118 [main] Log - Waiting for element Fixit Title visibility
[INFO ] 2022-05-20 16:14:15.253 [main] Log - Waiting for element Submitted Issues label visibility
[INFO ] 2022-05-20 16:14:20.026 [main] Log - Waiting for element Work Orders label visibility
[INFO ] 2022-05-20 16:14:20.225 [main] Log - Waiting for element Link View All Work Orders visibility
[INFO ] 2022-05-20 16:14:23.641 [main] Log - Submitted Issues label is displayed
[INFO ] 2022-05-20 16:14:23.909 [main] Log - Work Orders label is displayed
[INFO ] 2022-05-20 16:14:24.406 [main] Log - Link View All Work Orders is displayed
[INFO ] 2022-05-20 16:14:24.411 [main] Log - loginToAppTest test succeed
[INFO ] 2022-05-20 16:14:24.760 [main] Log - viewAllWorkOrders test is starting.
[INFO ] 2022-05-20 16:14:24.763 [main] Log - Waiting for element Fixit Title visibility
[INFO ] 2022-05-20 16:14:24.877 [main] Log - Waiting for element View all Work Orders link visibility
[INFO ] 2022-05-20 16:14:25.687 [main] Log - Click View all Work Orders link
[INFO ] 2022-05-20 16:14:25.695 [main] Log - Waiting for element Work Orders Title visibility
[INFO ] 2022-05-20 16:14:28.036 [main] Log - Waiting for element Trade column title visibility
[INFO ] 2022-05-20 16:14:28.459 [main] Log - Click Sorting by Trade
[INFO ] 2022-05-20 16:14:28.460 [main] Log - Waiting for element Date column title visibility
[INFO ] 2022-05-20 16:14:29.436 [main] Log - Click Sorting by Date
[INFO ] 2022-05-20 16:14:29.437 [main] Log - Waiting for element Priority column title visibility
[INFO ] 2022-05-20 16:14:30.222 [main] Log - Click Sorting by Priority
[INFO ] 2022-05-20 16:14:30.223 [main] Log - Field: Searching for Work Order - keyword: locksmith value: locksmith
[INFO ] 2022-05-20 16:14:32.216 [main] Log - ClearSearch For a work order Bar
[INFO ] 2022-05-20 16:14:32.216 [main] Log - viewAllWorkOrders test succeed
[INFO ] 2022-05-20 16:14:32.474 [main] Log - viewWorkOrderDetails test is starting.
[INFO ] 2022-05-20 16:14:32.474 [main] Log - Waiting for element Work Orders Title visibility
[INFO ] 2022-05-20 16:14:33.156 [main] Log - Click First Work Order
[INFO ] 2022-05-20 16:14:33.158 [main] Log - Waiting for element Work Order Details Title visibility
[INFO ] 2022-05-20 16:14:34.614 [main] Log - viewWorkOrderDetails test succeed
[INFO ] 2022-05-20 16:14:34.919 [main] Log - goBackToHomeFromWorkOrderDetails test is starting.
[INFO ] 2022-05-20 16:14:34.920 [main] Log - Waiting for element Work Order Details Title visibility
[INFO ] 2022-05-20 16:14:35.253 [main] Log - Click X and go back to Work Order List page
[INFO ] 2022-05-20 16:14:35.254 [main] Log - Waiting for element Work Orders Title visibility
[INFO ] 2022-05-20 16:14:36.655 [main] Log - Click X and go back to Home Page
[INFO ] 2022-05-20 16:14:36.655 [main] Log - goBackToHomeFromWorkOrderDetails test succeed
[INFO ] 2022-05-20 16:14:36.885 [main] Log - submitAnIssueTest test is starting.
[INFO ] 2022-05-20 16:14:36.886 [main] Log - Waiting for element Fixit Title visibility
[INFO ] 2022-05-20 16:14:36.970 [main] Log - Waiting for element SUBMIT AN ISSUE button visibility
[ERROR] 2022-05-20 16:15:27.571 [main] Log - Expected condition failed: waiting for visibility of Proxy element for: DefaultElementLocator 'By.xpath: (//android.widget.FrameLayout/android.view.ViewGroup/android.view.ViewGroup[2]' (tried for 50 second(s) with 500 milliseconds interval)
[INFO ] 2022-05-20 16:15:27.639 [main] Log - submitAnIssueTest test failed
[INFO ] 2022-05-20 16:15:27.934 [main] Log - logoutTest test is starting.
[INFO ] 2022-05-20 16:15:27.935 [main] Log - Waiting for element Fixit Title visibility
[INFO ] 2022-05-20 16:15:28.025 [main] Log - Waiting for element Settings visibility
[INFO ] 2022-05-20 16:15:28.191 [main] Log - Click Settings
[INFO ] 2022-05-20 16:15:28.210 [main] Log - Waiting for element Log Out visibility
[INFO ] 2022-05-20 16:15:28.970 [main] Log - Click Log Out
[INFO ] 2022-05-20 16:15:28.970 [main] Log - logoutTest test succeed
[INFO ] 2022-05-20 16:15:29.696 [main] Log - Method FixIT-Automation
